This is pdfTeXk, Version 3.141592-1.40.3 (Web2C 7.5.6) (format=latex 2012.9.24)  22 FEB 2013 11:41
entering extended mode
 %&-line parsing enabled.
**spray.tex
(./spray.tex
LaTeX2e <2005/12/01>
Babel <v3.8h> and hyphenation patterns for english, usenglishmax, dumylang, noh
yphenation, arabic, basque, bulgarian, coptic, welsh, czech, slovak, german, ng
erman, danish, esperanto, spanish, catalan, galician, estonian, farsi, finnish,
 french, greek, monogreek, ancientgreek, croatian, hungarian, interlingua, ibyc
us, indonesian, icelandic, italian, latin, mongolian, dutch, norsk, polish, por
tuguese, pinyin, romanian, russian, slovenian, uppersorbian, serbian, swedish, 
turkish, ukenglish, ukrainian, loaded.
(/usr/share/texmf/tex/latex/base/article.cls
Document Class: article 2005/09/16 v1.4f Standard LaTeX document class
(/usr/share/texmf/tex/latex/base/size10.clo
File: size10.clo 2005/09/16 v1.4f Standard LaTeX file (size option)
)
\c@part=\count79
\c@section=\count80
\c@subsection=\count81
\c@subsubsection=\count82
\c@paragraph=\count83
\c@subparagraph=\count84
\c@figure=\count85
\c@table=\count86
\abovecaptionskip=\skip41
\belowcaptionskip=\skip42
\bibindent=\dimen102
)
(/usr/share/texmf/tex/latex/natbib/natbib.sty
Package: natbib 2007/02/05 8.0 (PWD)
\bibhang=\skip43
\bibsep=\skip44
LaTeX Info: Redefining \cite on input line 602.
\c@NAT@ctr=\count87
)
(/usr/share/texmf/tex/latex/graphics/graphicx.sty
Package: graphicx 1999/02/16 v1.0f Enhanced LaTeX Graphics (DPC,SPQR)

(/usr/share/texmf/tex/latex/graphics/keyval.sty
Package: keyval 1999/03/16 v1.13 key=value parser (DPC)
\KV@toks@=\toks14
)
(/usr/share/texmf/tex/latex/graphics/graphics.sty
Package: graphics 2006/02/20 v1.0o Standard LaTeX Graphics (DPC,SPQR)

(/usr/share/texmf/tex/latex/graphics/trig.sty
Package: trig 1999/03/16 v1.09 sin cos tan (DPC)
)
(/usr/share/texmf/tex/latex/config/graphics.cfg
File: graphics.cfg 2007/01/18 v1.5 graphics configuration of teTeX/TeXLive
)
Package graphics Info: Driver file: dvips.def on input line 90.

(/usr/share/texmf/tex/latex/graphics/dvips.def
File: dvips.def 1999/02/16 v3.0i Driver-dependant file (DPC,SPQR)
))
\Gin@req@height=\dimen103
\Gin@req@width=\dimen104
)
(/usr/share/texmf/tex/latex/amsmath/amsmath.sty
Package: amsmath 2000/07/18 v2.13 AMS math features
\@mathmargin=\skip45

For additional information on amsmath, use the `?' option.
(/usr/share/texmf/tex/latex/amsmath/amstext.sty
Package: amstext 2000/06/29 v2.01

(/usr/share/texmf/tex/latex/amsmath/amsgen.sty
File: amsgen.sty 1999/11/30 v2.0
\@emptytoks=\toks15
\ex@=\dimen105
))
(/usr/share/texmf/tex/latex/amsmath/amsbsy.sty
Package: amsbsy 1999/11/29 v1.2d
\pmbraise@=\dimen106
)
(/usr/share/texmf/tex/latex/amsmath/amsopn.sty
Package: amsopn 1999/12/14 v2.01 operator names
)
\inf@bad=\count88
LaTeX Info: Redefining \frac on input line 211.
\uproot@=\count89
\leftroot@=\count90
LaTeX Info: Redefining \overline on input line 307.
\classnum@=\count91
\DOTSCASE@=\count92
LaTeX Info: Redefining \ldots on input line 379.
LaTeX Info: Redefining \dots on input line 382.
LaTeX Info: Redefining \cdots on input line 467.
\Mathstrutbox@=\box26
\strutbox@=\box27
\big@size=\dimen107
LaTeX Font Info:    Redeclaring font encoding OML on input line 567.
LaTeX Font Info:    Redeclaring font encoding OMS on input line 568.
\macc@depth=\count93
\c@MaxMatrixCols=\count94
\dotsspace@=\muskip10
\c@parentequation=\count95
\dspbrk@lvl=\count96
\tag@help=\toks16
\row@=\count97
\column@=\count98
\maxfields@=\count99
\andhelp@=\toks17
\eqnshift@=\dimen108
\alignsep@=\dimen109
\tagshift@=\dimen110
\tagwidth@=\dimen111
\totwidth@=\dimen112
\lineht@=\dimen113
\@envbody=\toks18
\multlinegap=\skip46
\multlinetaggap=\skip47
\mathdisplay@stack=\toks19
LaTeX Info: Redefining \[ on input line 2666.
LaTeX Info: Redefining \] on input line 2667.
)
(/usr/share/texmf/tex/latex/float/float.sty
Package: float 2001/11/08 v1.3d Float enhancements (AL)
\c@float@type=\count100
\float@exts=\toks20
\float@box=\box28
\@float@everytoks=\toks21
\@floatcapt=\box29
)
(/usr/share/texmf/tex/latex/subfigure/subfigure.sty
Package: subfigure 2002/03/15 v2.1.5 subfigure package
\subfigtopskip=\skip48
\subfigcapskip=\skip49
\subfigcaptopadj=\dimen114
\subfigbottomskip=\skip50
\subfigcapmargin=\dimen115
\subfiglabelskip=\skip51
\c@subfigure=\count101
\c@lofdepth=\count102
\c@subtable=\count103
\c@lotdepth=\count104

****************************************
* Local config file subfigure.cfg used *
****************************************
(/usr/share/texmf/tex/latex/subfigure/subfigure.cfg)
\subfig@top=\skip52
\subfig@bottom=\skip53
)
(/usr/share/texmf/tex/latex/geometry/geometry.sty
Package: geometry 2002/07/08 v3.2 Page Geometry
\Gm@cnth=\count105
\Gm@cntv=\count106
\c@Gm@tempcnt=\count107
\Gm@bindingoffset=\dimen116
\Gm@wd@mp=\dimen117
\Gm@odd@mp=\dimen118
\Gm@even@mp=\dimen119
\Gm@dimlist=\toks22

(/usr/share/texmf/tex/xelatex/xetexconfig/geometry.cfg))
(/usr/share/texmf/tex/latex/tools/indentfirst.sty
Package: indentfirst 1995/11/23 v1.03 Indent first paragraph (DPC)
) (./spray.aux)
\openout1 = `spray.aux'.

LaTeX Font Info:    Checking defaults for OML/cmm/m/it on input line 50.
LaTeX Font Info:    ... okay on input line 50.
LaTeX Font Info:    Checking defaults for T1/cmr/m/n on input line 50.
LaTeX Font Info:    ... okay on input line 50.
LaTeX Font Info:    Checking defaults for OT1/cmr/m/n on input line 50.
LaTeX Font Info:    ... okay on input line 50.
LaTeX Font Info:    Checking defaults for OMS/cmsy/m/n on input line 50.
LaTeX Font Info:    ... okay on input line 50.
LaTeX Font Info:    Checking defaults for OMX/cmex/m/n on input line 50.
LaTeX Font Info:    ... okay on input line 50.
LaTeX Font Info:    Checking defaults for U/cmr/m/n on input line 50.
LaTeX Font Info:    ... okay on input line 50.
-------------------- Geometry parameters
paper: a4paper
landscape: --
twocolumn: --
twoside: --
asymmetric: --
h-parts: 89.62709pt, 0.7\paperwidth , 89.6271pt (default)
v-parts: 101.40665pt, 0.7\paperheight , 152.11pt (default)
hmarginratio: 1:1
vmarginratio: 2:3
lines: --
heightrounded: --
bindingoffset: 0.0pt
truedimen: --
includehead: --
includefoot: --
includemp: --
driver: 
-------------------- Page layout dimensions and switches
\paperwidth  597.50787pt
\paperheight 845.04684pt
\textwidth  418.25368pt
\textheight 591.5302pt
\oddsidemargin  17.3571pt
\evensidemargin 17.3571pt
\topmargin  -7.86334pt
\headheight 12.0pt
\headsep    25.0pt
\footskip   30.0pt
\marginparwidth 57.0pt
\marginparsep   11.0pt
\columnsep  22.76219pt
\skip\footins  9.0pt plus 4.0pt minus 2.0pt
\hoffset 0.0pt
\voffset 0.0pt
\mag 1000

(1in=72.27pt, 1cm=28.45pt)
-----------------------

Underfull \hbox (badness 10000) in paragraph at lines 56--70

 []

[1

] [2] [3] [4] [5] [6] [7] [8] [9] [10]
File: nozzle.eps Graphic file (type eps)
 <nozzle.eps>
File: nozzle_mod.eps Graphic file (type eps)
 <nozzle_mod.eps> [11]
[12]
File: wall.eps Graphic file (type eps)
 <wall.eps> [13] [14] [15]
File: chord.eps Graphic file (type eps)
 <chord.eps>
File: n_seg.eps Graphic file (type eps)
 <n_seg.eps> [16]
File: pc_101.eps Graphic file (type eps)
 <pc_101.eps>
File: vel_interp.eps Graphic file (type eps)

<vel_interp.eps> [17]
File: pc_102.eps Graphic file (type eps)
 <pc_102.eps>
File: pc_103.eps Graphic file (type eps)
 <pc_103.eps>
File: pc_104.eps Graphic file (type eps)
 <pc_104.eps>
File: pc_103z.eps Graphic file (type eps)
 <pc_103z.eps>
[18]
File: pc_104_cl.eps Graphic file (type eps)
 <pc_104_cl.eps> [19]
File: pc_105.eps Graphic file (type eps)
 <pc_105.eps>
File: pc_106.eps Graphic file (type eps)
 <pc_106.eps>
File: pc_107.eps Graphic file (type eps)
 <pc_107.eps>
File: pc_107_cl.eps Graphic file (type eps)

<pc_107_cl.eps>
File: pc_108.eps Graphic file (type eps)
 <pc_108.eps>
File: pc_108_cl.eps Graphic file (type eps)
 <pc_108_cl.eps> [20] [21]
File: pc_100_cl.eps Graphic file (type eps)
 <pc_100_cl.eps>
File: pc_202_p6.eps Graphic file (type eps)

<pc_202_p6.eps>
File: pc_200_cl.eps Graphic file (type eps)
 <pc_200_cl.eps> [22]
File: d_pdf.eps Graphic file (type eps)
 <d_pdf.eps> [23]
File: d_p1m1.eps Graphic file (type eps)
 <d_p1m1.eps>
File: d_p2m1.eps Graphic file (type eps)

<d_p2m1.eps>
File: d_p3m1.eps Graphic file (type eps)
 <d_p3m1.eps> [24]
File: s_v1.eps Graphic file (type eps)
 <s_v1.eps>
File: s_v2.eps Graphic file (type eps)
 <s_v2.eps>
File: s_v3.eps Graphic file (type eps)
 <s_v3.eps>
File: s_drg0.eps Graphic file (type eps)
 <s_drg0.eps>
File: s_drg3.eps Graphic file (type eps)

<s_drg3.eps> [25]
File: pc_303.eps Graphic file (type eps)
 <pc_303.eps>
File: pc_300_cl.eps Graphic file (type eps)
 <pc_300_cl.eps>
File: pc_402.eps Graphic file (type eps)
 <pc_402.eps>
File: pc_400_cl.eps Graphic file (type eps)
 <pc_400_cl.eps>
[26]
File: pc_500_cl.eps Graphic file (type eps)
 <pc_500_cl.eps>
File: pc_600_cl.eps Graphic file (type eps)
 <pc_600_cl.eps> [27]
File: pc_700_cl.eps Graphic file (type eps)
 <pc_700_cl.eps>
File: pc_800_cl.eps Graphic file (type eps)
 <pc_800_cl.eps>
[28]
File: pc_900_cl.eps Graphic file (type eps)
 <pc_900_cl.eps> [29]
File: grid_open.eps Graphic file (type eps)
 <grid_open.eps>
File: smr.eps Graphic file (type eps)
 <smr.eps>
File: smr_cl.eps Graphic file (type eps)
 <smr_cl.eps> [30]
File: grid.eps Graphic file (type eps)

<grid.eps>
File: grid_inj.eps Graphic file (type eps)
 <grid_inj.eps>
File: grid_wall.eps Graphic file (type eps)
 <grid_wall.eps> [31] [32]
File: fig4.eps Graphic file (type eps)
 <fig4.eps> [33]
File: smr_p4.eps Graphic file (type eps)

<smr_p4.eps>
File: smr_p9b.eps Graphic file (type eps)
 <smr_p9b.eps>
File: inj_gas.eps Graphic file (type eps)
 <inj_gas.eps> [34]
File: pen.eps Graphic file (type eps)
 <pen.eps>
File: smr_1p4.eps Graphic file (type eps)
 <smr_1p4.eps>
File: smr_1p9b.eps Graphic file (type eps)

<smr_1p9b.eps> [35]
File: vort_gas.eps Graphic file (type eps)
 <vort_gas.eps>
File: smr_2p9_cl.eps Graphic file (type eps)
 <smr_2p9_cl.eps>
File: smr_2p4.eps Graphic file (type eps)
 <smr_2p4.eps>
File: smr_2p9b.eps Graphic file (type eps)

<smr_2p9b.eps> [36]
File: smr_2p9b_cl_fix.eps Graphic file (type eps)
 <smr_2p9b_cl_fix.eps>
File: we_loc.eps Graphic file (type eps)
 <we_loc.eps> [37]
File: loc_a.eps Graphic file (type eps)
 <loc_a.eps>
File: loc_d.eps Graphic file (type eps)

<loc_d.eps>
File: wigleyc.eps Graphic file (type eps)
 <wigleyc.eps> [38]
File: loc_b.eps Graphic file (type eps)
 <loc_b.eps>
File: loc_e.eps Graphic file (type eps)
 <loc_e.eps>
File: loc_c.eps Graphic file (type eps)
 <loc_c.eps>
File: loc_f.eps Graphic file (type eps)
 <loc_f.eps>
[39]
File: loc_b_post.eps Graphic file (type eps)
 <loc_b_post.eps>
File: film.eps Graphic file (type eps)
 <film.eps> [40] [41] (./spray.bbl [42]
Missing character: There is no â in font cmti10!
Missing character: There is no € in font cmti10!
Missing character: There is no “ in font cmti10!
) [43] (./spray.aux) ) 
Here is how much of TeX's memory you used:
 2247 strings out of 256217
 27374 string characters out of 1917095
 85566 words of memory out of 1500000
 5466 multiletter control sequences out of 10000+200000
 11561 words of font info for 41 fonts, out of 1200000 for 2000
 645 hyphenation exceptions out of 8191
 30i,13n,29p,1031b,292s stack positions out of 5000i,500n,6000p,200000b,15000s

Output written on spray.dvi (43 pages, 129968 bytes).
